<?xml version="1.0" encoding="UTF-8"?>
<testsuite xmlns:xsi="http://www.w3.org/2001/XMLSchema-instance" xsi:noNamespaceSchemaLocation="https://maven.apache.org/surefire/maven-surefire-plugin/xsd/surefire-test-report-3.0.xsd" version="3.0" name="TestSuite" time="4.64" tests="5" errors="0" skipped="0" failures="0">
  <properties>
[...]
</properties>
  <testcase name="deveClassificarEquilatero" classname="example.TrianguloTest" time="0.06">
    <system-out><![CDATA[🔹 Início da Suíte de Testes do Triângulo
➡ Preparando a classe de testes
👉 Iniciando método de teste
]]></system-out>
    <system-err><![CDATA[SLF4J: Failed to load class "org.slf4j.impl.StaticLoggerBinder".
SLF4J: Defaulting to no-operation (NOP) logger implementation
SLF4J: See http://www.slf4j.org/codes.html#StaticLoggerBinder for further details.
]]></system-err>
  </testcase>
  <testcase name="deveClassificarIsosceles" classname="example.TrianguloTest" time="0.0">
    <system-out><![CDATA[👈 Finalizando método de teste
👉 Iniciando método de teste
]]></system-out>
  </testcase>
  <testcase name="deveClassificarEscaleno" classname="example.TrianguloTest" time="0.001">
    <system-out><![CDATA[👈 Finalizando método de teste
👉 Iniciando método de teste
]]></system-out>
  </testcase>
  <testcase name="deveDetectarNaoTriangulo" classname="example.TrianguloTest" time="0.0">
    <system-out><![CDATA[👈 Finalizando método de teste
👉 Iniciando método de teste
]]></system-out>
  </testcase>
  <testcase name="deveDetectarLadosInvalidos" classname="example.TrianguloTest" time="0.0">
    <system-out><![CDATA[👈 Finalizando método de teste
👉 Iniciando método de teste
]]></system-out>
  </testcase>
</testsuite>