<?xml version="1.0" encoding="UTF-8"?>
<!-- Generated by org.testng.reporters.JUnitXMLReporter -->
<testsuite ignored="0" hostname="DESKTOP-0K4CNGG" failures="0" tests="5" name="TestesBasicosTriangulo" time="0.419" errors="0" timestamp="2025-10-02T18:06:14 BRT">
  <testcase classname="example.TrianguloTest" name="deveClassificarEquilatero" time="0.04"/>
  <testcase classname="example.TrianguloTest" name="deveClassificarIsosceles" time="0.001"/>
  <testcase classname="example.TrianguloTest" name="deveClassificarEscaleno" time="0.001"/>
  <testcase classname="example.TrianguloTest" name="deveDetectarNaoTriangulo" time="0.002"/>
  <testcase classname="example.TrianguloTest" name="deveDetectarLadosInvalidos" time="0.002"/>
</testsuite> <!-- TestesBasicosTriangulo -->
